#
# There is insufficient memory for the Java Runtime Environment to continue.
# Native memory allocation (malloc) failed to allocate 324976 bytes for Chunk::new
# Possible reasons:
#   The system is out of physical RAM or swap space
#   In 32 bit mode, the process size limit was hit
# Possible solutions:
#   Reduce memory load on the system
#   Increase physical memory or swap space
#   Check if swap backing store is full
#   Use 64 bit Java on a 64 bit OS
#   Decrease Java heap size (-Xmx/-Xms)
#   Decrease number of Java threads
#   Decrease Java thread stack sizes (-Xss)
#   Set larger code cache with -XX:ReservedCodeCacheSize=
# This output file may be truncated or incomplete.
#
#  Out of Memory Error (allocation.cpp:390), pid=12852, tid=0x00000000000048d4
#
# JRE version: Java(TM) SE Runtime Environment (8.0_171-b11) (build 1.8.0_171-b11)
# Java VM: Java HotSpot(TM) 64-Bit Server VM (25.171-b11 mixed mode windows-amd64 compressed oops)
# Failed to write core dump. Minidumps are not enabled by default on client versions of Windows
#

---------------  T H R E A D  ---------------

Current thread (0x0000000017207000):  JavaThread "C2 CompilerThread0" daemon [_thread_in_native, id=18644, stack(0x00000000023c0000,0x00000000024c0000)]

Stack: [0x00000000023c0000,0x00000000024c0000]
[error occurred during error reporting (printing stack bounds), id 0xc0000005]

Native frames: (J=compiled Java code, j=interpreted, Vv=VM code, C=native code)


Current CompileTask:
C2:170848404 3531       4       javax.swing.JComponent::reshape (10 bytes)


---------------  P R O C E S S  ---------------

Java Threads: ( => current thread )
  0x000000001b892000 JavaThread "Abandoned connection cleanup thread" daemon [_thread_blocked, id=7300, stack(0x000000001a940000,0x000000001aa40000)]
  0x0000000019881000 JavaThread "TimerQueue" daemon [_thread_blocked, id=8756, stack(0x000000001b240000,0x000000001b340000)]
  0x000000001977a800 JavaThread "org.netbeans.modules.debugger.jpda.visual AWT Access Loop" daemon [_thread_blocked, id=628, stack(0x000000001af40000,0x000000001b040000)]
  0x0000000002623800 JavaThread "DestroyJavaVM" [_thread_blocked, id=19948, stack(0x0000000002520000,0x0000000002620000)]
  0x0000000019728000 JavaThread "AWT-EventQueue-0" [_thread_in_vm, id=13280, stack(0x000000001ae40000,0x000000001af40000)]
  0x00000000196fb800 JavaThread "AWT-Windows" daemon [_thread_in_native, id=10128, stack(0x0000000019ec0000,0x0000000019fc0000)]
  0x00000000196fa800 JavaThread "AWT-Shutdown" [_thread_blocked, id=17200, stack(0x0000000019dc0000,0x0000000019ec0000)]
  0x00000000196fa000 JavaThread "Java2D Disposer" daemon [_thread_blocked, id=5456, stack(0x0000000019cc0000,0x0000000019dc0000)]
  0x0000000018bad000 JavaThread "Service Thread" daemon [_thread_blocked, id=18580, stack(0x0000000019180000,0x0000000019280000)]
  0x0000000018ba1000 JavaThread "C1 CompilerThread2" daemon [_thread_blocked, id=20064, stack(0x0000000019080000,0x0000000019180000)]
  0x000000001723e000 JavaThread "C2 CompilerThread1" daemon [_thread_in_native, id=7068, stack(0x0000000018f80000,0x0000000019080000)]
=>0x0000000017207000 JavaThread "C2 CompilerThread0" daemon [_thread_in_native, id=18644, stack(0x00000000023c0000,0x00000000024c0000)]
  0x00000000171fa800 JavaThread "JDWP Command Reader" daemon [_thread_in_native, id=17872, stack(0x0000000018a80000,0x0000000018b80000)]
  0x00000000171f7000 JavaThread "JDWP Event Helper Thread" daemon [_thread_blocked, id=12244, stack(0x0000000018980000,0x0000000018a80000)]
  0x00000000171e6800 JavaThread "JDWP Transport Listener: dt_shmem" daemon [_thread_blocked, id=12028, stack(0x0000000018880000,0x0000000018980000)]
  0x00000000171df000 JavaThread "Attach Listener" daemon [_thread_blocked, id=14440, stack(0x0000000018760000,0x0000000018860000)]
  0x000000000271e800 JavaThread "Signal Dispatcher" daemon [_thread_blocked, id=15932, stack(0x0000000018660000,0x0000000018760000)]
  0x0000000002717800 JavaThread "Finalizer" daemon [_thread_blocked, id=7696, stack(0x0000000018450000,0x0000000018550000)]
  0x00000000171a9800 JavaThread "Reference Handler" daemon [_thread_blocked, id=8440, stack(0x0000000018350000,0x0000000018450000)]

Other Threads:
  0x00000000171a8000 VMThread [stack: 0x0000000018250000,0x0000000018350000] [id=14144]
  0x0000000018bc2000 WatcherThread [stack: 0x0000000019280000,0x0000000019380000] [id=19384]

VM state:not at safepoint (normal execution)

VM Mutex/Monitor currently owned by a thread: None

Heap:
 PSYoungGen      total 37376K, used 19206K [0x00000000d6400000, 0x00000000d9d80000, 0x0000000100000000)
  eden space 32256K, 57% used [0x00000000d6400000,0x00000000d7639898,0x00000000d8380000)
  from space 5120K, 10% used [0x00000000d8400000,0x00000000d8488040,0x00000000d8900000)
  to   space 13312K, 0% used [0x00000000d9080000,0x00000000d9080000,0x00000000d9d80000)
 ParOldGen       total 51712K, used 13101K [0x0000000082c00000, 0x0000000085e80000, 0x00000000d6400000)
  object space 51712K, 25% used [0x0000000082c00000,0x00000000838cb7a8,0x0000000085e80000)
 Metaspace       used 22535K, capacity 22898K, committed 23216K, reserved 1069056K
  class space    used 2695K, capacity 2815K, committed 2816K, reserved 1048576K

Card table byte_map: [0x0000000011af0000,0x0000000011ee0000] byte_map_base: 0x00000000116da000

Marking Bits: (ParMarkBitMap*) 0x000000006ef608c0
 Begin Bits: [0x0000000012580000, 0x00000000144d0000)
 End Bits:   [0x00000000144d0000, 0x0000000016420000)

Polling page: 0x00000000024e0000

CodeCache: size=245760Kb used=9989Kb max_used=9998Kb free=235770Kb
 bounds [0x0000000002730000, 0x0000000003110000, 0x0000000011730000]
 total_blobs=3674 nmethods=3062 adapters=529
 compilation: enabled

Compilation events (10 events):
Event: 170847.841 Thread 0x0000000018ba1000 nmethod 3527 0x00000000030fa0d0 code [0x00000000030fa220, 0x00000000030fa330]
Event: 170847.842 Thread 0x0000000017207000 nmethod 3526 0x00000000030f6ed0 code [0x00000000030f7020, 0x00000000030f70d8]
Event: 170847.842 Thread 0x0000000018ba1000 3528       1       javax.swing.border.EmptyBorder::paintBorder (1 bytes)
Event: 170847.843 Thread 0x0000000018ba1000 nmethod 3528 0x00000000030f6c10 code [0x00000000030f6d60, 0x00000000030f6e70]
Event: 170847.844 Thread 0x0000000017207000 3529       4       java.awt.Component::setBounds (10 bytes)
Event: 170847.845 Thread 0x0000000017207000 nmethod 3529 0x00000000030de010 code [0x00000000030de140, 0x00000000030de1d8]
Event: 170847.845 Thread 0x000000001723e000 3530   !   4       java.awt.Component::reshape (312 bytes)
Event: 170847.850 Thread 0x0000000017207000 3531       4       javax.swing.JComponent::reshape (10 bytes)
Event: 170848.294 Thread 0x0000000018ba1000 3533       3       javax.swing.DefaultButtonModel::isPressed (15 bytes)
Event: 170848.294 Thread 0x0000000018ba1000 nmethod 3533 0x0000000003100050 code [0x00000000031001a0, 0x0000000003100350]

GC Heap History (10 events):
Event: 31.813 GC heap before
{Heap before GC invocations=2 (full 0):
 PSYoungGen      total 37888K, used 37888K [0x00000000d6400000, 0x00000000d8e00000, 0x0000000100000000)
  eden space 32768K, 100% used [0x00000000d6400000,0x00000000d8400000,0x00000000d8400000)
  from space 5120K, 100% used [0x00000000d8400000,0x00000000d8900000,0x00000000d8900000)
  to   space 5120K, 0% used [0x00000000d8900000,0x00000000d8900000,0x00000000d8e00000)
 ParOldGen       total 86016K, used 3232K [0x0000000082c00000, 0x0000000088000000, 0x00000000d6400000)
  object space 86016K, 3% used [0x0000000082c00000,0x0000000082f281c0,0x0000000088000000)
 Metaspace       used 19269K, capacity 19542K, committed 19968K, reserved 1067008K
  class space    used 2396K, capacity 2485K, committed 2560K, reserved 1048576K
Event: 31.825 GC heap after
Heap after GC invocations=2 (full 0):
 PSYoungGen      total 37888K, used 5107K [0x00000000d6400000, 0x00000000d8e00000, 0x0000000100000000)
  eden space 32768K, 0% used [0x00000000d6400000,0x00000000d6400000,0x00000000d8400000)
  from space 5120K, 99% used [0x00000000d8900000,0x00000000d8dfcf10,0x00000000d8e00000)
  to   space 5120K, 0% used [0x00000000d8400000,0x00000000d8400000,0x00000000d8900000)
 ParOldGen       total 86016K, used 8046K [0x0000000082c00000, 0x0000000088000000, 0x00000000d6400000)
  object space 86016K, 9% used [0x0000000082c00000,0x00000000833db868,0x0000000088000000)
 Metaspace       used 19269K, capacity 19542K, committed 19968K, reserved 1067008K
  class space    used 2396K, capacity 2485K, committed 2560K, reserved 1048576K
}
Event: 33.961 GC heap before
{Heap before GC invocations=3 (full 0):
 PSYoungGen      total 37888K, used 11161K [0x00000000d6400000, 0x00000000d8e00000, 0x0000000100000000)
  eden space 32768K, 18% used [0x00000000d6400000,0x00000000d69e9558,0x00000000d8400000)
  from space 5120K, 99% used [0x00000000d8900000,0x00000000d8dfcf10,0x00000000d8e00000)
  to   space 5120K, 0% used [0x00000000d8400000,0x00000000d8400000,0x00000000d8900000)
 ParOldGen       total 86016K, used 8046K [0x0000000082c00000, 0x0000000088000000, 0x00000000d6400000)
  object space 86016K, 9% used [0x0000000082c00000,0x00000000833db868,0x0000000088000000)
 Metaspace       used 20772K, capacity 21046K, committed 21296K, reserved 1069056K
  class space    used 2535K, capacity 2645K, committed 2688K, reserved 1048576K
Event: 33.981 GC heap after
Heap after GC invocations=3 (full 0):
 PSYoungGen      total 37888K, used 5091K [0x00000000d6400000, 0x00000000d8e00000, 0x0000000100000000)
  eden space 32768K, 0% used [0x00000000d6400000,0x00000000d6400000,0x00000000d8400000)
  from space 5120K, 99% used [0x00000000d8400000,0x00000000d88f8ee0,0x00000000d8900000)
  to   space 5120K, 0% used [0x00000000d8900000,0x00000000d8900000,0x00000000d8e00000)
 ParOldGen       total 86016K, used 10082K [0x0000000082c00000, 0x0000000088000000, 0x00000000d6400000)
  object space 86016K, 11% used [0x0000000082c00000,0x00000000835d8940,0x0000000088000000)
 Metaspace       used 20772K, capacity 21046K, committed 21296K, reserved 1069056K
  class space    used 2535K, capacity 2645K, committed 2688K, reserved 1048576K
}
Event: 33.981 GC heap before
{Heap before GC invocations=4 (full 1):
 PSYoungGen      total 37888K, used 5091K [0x00000000d6400000, 0x00000000d8e00000, 0x0000000100000000)
  eden space 32768K, 0% used [0x00000000d6400000,0x00000000d6400000,0x00000000d8400000)
  from space 5120K, 99% used [0x00000000d8400000,0x00000000d88f8ee0,0x00000000d8900000)
  to   space 5120K, 0% used [0x00000000d8900000,0x00000000d8900000,0x00000000d8e00000)
 ParOldGen       total 86016K, used 10082K [0x0000000082c00000, 0x0000000088000000, 0x00000000d6400000)
  object space 86016K, 11% used [0x0000000082c00000,0x00000000835d8940,0x0000000088000000)
 Metaspace       used 20772K, capacity 21046K, committed 21296K, reserved 1069056K
  class space    used 2535K, capacity 2645K, committed 2688K, reserved 1048576K
Event: 34.102 GC heap after
Heap after GC invocations=4 (full 1):
 PSYoungGen      total 37888K, used 0K [0x00000000d6400000, 0x00000000d8e00000, 0x0000000100000000)
  eden space 32768K, 0% used [0x00000000d6400000,0x00000000d6400000,0x00000000d8400000)
  from space 5120K, 0% used [0x00000000d8400000,0x00000000d8400000,0x00000000d8900000)
  to   space 5120K, 0% used [0x00000000d8900000,0x00000000d8900000,0x00000000d8e00000)
 ParOldGen       total 51712K, used 13085K [0x0000000082c00000, 0x0000000085e80000, 0x00000000d6400000)
  object space 51712K, 25% used [0x0000000082c00000,0x00000000838c77a8,0x0000000085e80000)
 Metaspace       used 20772K, capacity 21046K, committed 21296K, reserved 1069056K
  class space    used 2535K, capacity 2645K, committed 2688K, reserved 1048576K
}
Event: 39614.187 GC heap before
{Heap before GC invocations=5 (full 1):
 PSYoungGen      total 37888K, used 32768K [0x00000000d6400000, 0x00000000d8e00000, 0x0000000100000000)
  eden space 32768K, 100% used [0x00000000d6400000,0x00000000d8400000,0x00000000d8400000)
  from space 5120K, 0% used [0x00000000d8400000,0x00000000d8400000,0x00000000d8900000)
  to   space 5120K, 0% used [0x00000000d8900000,0x00000000d8900000,0x00000000d8e00000)
 ParOldGen       total 51712K, used 13085K [0x0000000082c00000, 0x0000000085e80000, 0x00000000d6400000)
  object space 51712K, 25% used [0x0000000082c00000,0x00000000838c77a8,0x0000000085e80000)
 Metaspace       used 22486K, capacity 22828K, committed 23216K, reserved 1069056K
  class space    used 2691K, capacity 2812K, committed 2816K, reserved 1048576K
Event: 39614.253 GC heap after
Heap after GC invocations=5 (full 1):
 PSYoungGen      total 37888K, used 1430K [0x00000000d6400000, 0x00000000d8e00000, 0x0000000100000000)
  eden space 32768K, 0% used [0x00000000d6400000,0x00000000d6400000,0x00000000d8400000)
  from space 5120K, 27% used [0x00000000d8900000,0x00000000d8a65898,0x00000000d8e00000)
  to   space 5120K, 0% used [0x00000000d8400000,0x00000000d8400000,0x00000000d8900000)
 ParOldGen       total 51712K, used 13093K [0x0000000082c00000, 0x0000000085e80000, 0x00000000d6400000)
  object space 51712K, 25% used [0x0000000082c00000,0x00000000838c97a8,0x0000000085e80000)
 Metaspace       used 22486K, capacity 22828K, committed 23216K, reserved 1069056K
  class space    used 2691K, capacity 2812K, committed 2816K, reserved 1048576K
}
Event: 156728.315 GC heap before
{Heap before GC invocations=6 (full 1):
 PSYoungGen      total 37888K, used 34198K [0x00000000d6400000, 0x00000000d8e00000, 0x0000000100000000)
  eden space 32768K, 100% used [0x00000000d6400000,0x00000000d8400000,0x00000000d8400000)
  from space 5120K, 27% used [0x00000000d8900000,0x00000000d8a65898,0x00000000d8e00000)
  to   space 5120K, 0% used [0x00000000d8400000,0x00000000d8400000,0x00000000d8900000)
 ParOldGen       total 51712K, used 13093K [0x0000000082c00000, 0x0000000085e80000, 0x00000000d6400000)
  object space 51712K, 25% used [0x0000000082c00000,0x00000000838c97a8,0x0000000085e80000)
 Metaspace       used 22504K, capacity 22828K, committed 23216K, reserved 1069056K
  class space    used 2691K, capacity 2812K, committed 2816K, reserved 1048576K
Event: 156728.338 GC heap after
Heap after GC invocations=6 (full 1):
 PSYoungGen      total 37376K, used 544K [0x00000000d6400000, 0x00000000d9d80000, 0x0000000100000000)
  eden space 32256K, 0% used [0x00000000d6400000,0x00000000d6400000,0x00000000d8380000)
  from space 5120K, 10% used [0x00000000d8400000,0x00000000d8488040,0x00000000d8900000)
  to   space 13312K, 0% used [0x00000000d9080000,0x00000000d9080000,0x00000000d9d80000)
 ParOldGen       total 51712K, used 13101K [0x0000000082c00000, 0x0000000085e80000, 0x00000000d6400000)
  object space 51712K, 25% used [0x0000000082c00000,0x00000000838cb7a8,0x0000000085e80000)
 Metaspace       used 22504K, capacity 22828K, committed 23216K, reserved 1069056K
  class space    used 2691K, capacity 2812K, committed 2816K, reserved 1048576K
}

Deoptimization events (10 events):
Event: 271.072 Thread 0x0000000019728000 Uncommon trap: reason=unstable_if action=reinterpret pc=0x000000000302f510 method=java.awt.EventQueue.cacheEQItem(Lsun/awt/EventQueueItem;)V @ 23
Event: 324.328 Thread 0x0000000019728000 Uncommon trap: reason=unstable_if action=reinterpret pc=0x0000000002c0ba48 method=java.awt.Container.getMouseEventTargetImpl(IIZLjava/awt/Container$EventTargetFilter;ZZ)Ljava/awt/Component; @ 218
Event: 39614.254 Thread 0x000000001b892000 Uncommon trap: reason=unstable_if action=reinterpret pc=0x00000000030a2fa4 method=java.lang.ref.ReferenceQueue.remove(J)Ljava/lang/ref/Reference; @ 70
Event: 62282.471 Thread 0x00000000196fb800 Uncommon trap: reason=array_check action=maybe_recompile pc=0x00000000030d5688 method=java.util.ComparableTimSort.binarySort([Ljava/lang/Object;III)V @ 193
Event: 62282.471 Thread 0x00000000196fb800 Uncommon trap: reason=array_check action=maybe_recompile pc=0x00000000030d5688 method=java.util.ComparableTimSort.binarySort([Ljava/lang/Object;III)V @ 193
Event: 62282.471 Thread 0x00000000196fb800 Uncommon trap: reason=array_check action=maybe_recompile pc=0x00000000030d5778 method=java.util.ComparableTimSort.binarySort([Ljava/lang/Object;III)V @ 183
Event: 62282.471 Thread 0x00000000196fb800 Uncommon trap: reason=array_check action=maybe_recompile pc=0x00000000030d5688 method=java.util.ComparableTimSort.binarySort([Ljava/lang/Object;III)V @ 193
Event: 62290.486 Thread 0x00000000196fb800 Uncommon trap: reason=array_check action=maybe_recompile pc=0x00000000030d8cc8 method=java.util.ComparableTimSort.binarySort([Ljava/lang/Object;III)V @ 215
Event: 170833.171 Thread 0x0000000019728000 Uncommon trap: reason=bimorphic action=maybe_recompile pc=0x00000000030f9978 method=sun.java2d.loops.SurfaceType.pixelFor(ILjava/awt/image/ColorModel;)I @ 6
Event: 170834.520 Thread 0x0000000019728000 Uncommon trap: reason=bimorphic action=maybe_recompile pc=0x00000000030f9978 method=sun.java2d.loops.SurfaceType.pixelFor(ILjava/awt/image/ColorModel;)I @ 6

Classes redefined (0 events):
No events

Internal exceptions (10 events):
Event: 40.217 Thread 0x00000000198c5000 Exception <a 'java/io/FileNotFoundException'> (0x00000000d68fffe0) thrown at [C:\re\workspace\8-2-build-windows-amd64-cygwin\jdk8u171\10807\hotspot\src\share\vm\prims\jni.cpp, line 709]
Event: 40.217 Thread 0x00000000198c5000 Exception <a 'java/io/FileNotFoundException'> (0x00000000d6900ad0) thrown at [C:\re\workspace\8-2-build-windows-amd64-cygwin\jdk8u171\10807\hotspot\src\share\vm\prims\jni.cpp, line 709]
Event: 267.027 Thread 0x000000001b898000 Exception <a 'java/lang/InterruptedException': sleep interrupted> (0x00000000d6df3168) thrown at [C:\re\workspace\8-2-build-windows-amd64-cygwin\jdk8u171\10807\hotspot\src\share\vm\prims\jvm.cpp, line 3225]
Event: 271.135 Thread 0x000000001b898000 Exception <a 'java/lang/InterruptedException': sleep interrupted> (0x00000000d6f7c990) thrown at [C:\re\workspace\8-2-build-windows-amd64-cygwin\jdk8u171\10807\hotspot\src\share\vm\prims\jvm.cpp, line 3225]
Event: 663.324 Thread 0x000000001b896000 Exception <a 'java/lang/InterruptedException': sleep interrupted> (0x00000000d7255678) thrown at [C:\re\workspace\8-2-build-windows-amd64-cygwin\jdk8u171\10807\hotspot\src\share\vm\prims\jvm.cpp, line 3225]
Event: 666.414 Thread 0x000000001b896000 Exception <a 'java/lang/InterruptedException': sleep interrupted> (0x00000000d73a3870) thrown at [C:\re\workspace\8-2-build-windows-amd64-cygwin\jdk8u171\10807\hotspot\src\share\vm\prims\jvm.cpp, line 3225]
Event: 170833.193 Thread 0x0000000019728000 Exception <a 'sun/java2d/InvalidPipeException': GDIWindowSurfaceData: bounds changed> (0x00000000d7380910) thrown at [C:\re\workspace\8-2-build-windows-amd64-cygwin\jdk8u171\10807\hotspot\src\share\vm\prims\jni.cpp, line 735]
Event: 170833.194 Thread 0x0000000019728000 Exception <a 'sun/java2d/InvalidPipeException': GDIWindowSurfaceData: bounds changed> (0x00000000d7380d70) thrown at [C:\re\workspace\8-2-build-windows-amd64-cygwin\jdk8u171\10807\hotspot\src\share\vm\prims\jni.cpp, line 735]
Event: 170834.531 Thread 0x0000000019728000 Exception <a 'sun/java2d/InvalidPipeException': GDIWindowSurfaceData: bounds changed> (0x00000000d73a5840) thrown at [C:\re\workspace\8-2-build-windows-amd64-cygwin\jdk8u171\10807\hotspot\src\share\vm\prims\jni.cpp, line 735]
Event: 170834.531 Thread 0x0000000019728000 Exception <a 'sun/java2d/InvalidPipeException': GDIWindowSurfaceData: bounds changed> (0x00000000d73a5ca0) thrown at [C:\re\workspace\8-2-build-windows-amd64-cygwin\jdk8u171\10807\hotspot\src\share\vm\prims\jni.cpp, line 735]

Events (10 events):
Event: 170833.194 Thread 0x0000000019728000 DEOPT UNPACKING pc=0x0000000002777890 sp=0x000000001af3c370 mode 1
Event: 170834.520 Thread 0x0000000019728000 Uncommon trap: trap_request=0xffffffc6 fr.pc=0x00000000030f9978
Event: 170834.520 Thread 0x0000000019728000 DEOPT PACKING pc=0x00000000030f9978 sp=0x000000001af3cf60
Event: 170834.520 Thread 0x0000000019728000 DEOPT UNPACKING pc=0x000000000277583b sp=0x000000001af3cdf8 mode 2
Event: 170834.531 Thread 0x0000000019728000 DEOPT PACKING pc=0x0000000002f6f4cc sp=0x000000001af3c5b0
Event: 170834.531 Thread 0x0000000019728000 DEOPT UNPACKING pc=0x0000000002777890 sp=0x000000001af3c330 mode 1
Event: 170834.531 Thread 0x0000000019728000 DEOPT PACKING pc=0x00000000029f47e4 sp=0x000000001af3c6c0
Event: 170834.531 Thread 0x0000000019728000 DEOPT UNPACKING pc=0x0000000002777890 sp=0x000000001af3c490 mode 1
Event: 170834.531 Thread 0x0000000019728000 DEOPT PACKING pc=0x0000000002f6f4cc sp=0x000000001af3c580
Event: 170834.531 Thread 0x0000000019728000 DEOPT UNPACKING pc=0x0000000002777890 sp=0x000000001af3c370 mode 1


Dynamic libraries:
0x00007ff69b770000 - 0x00007ff69b7a7000 	C:\Program Files\Java\jdk1.8.0_171\jre\bin\java.exe
0x00007fffebe80000 - 0x00007fffec070000 	C:\WINDOWS\SYSTEM32\ntdll.dll
0x00007fffeabe0000 - 0x00007fffeac92000 	C:\WINDOWS\System32\KERNEL32.DLL
0x00007fffe99b0000 - 0x00007fffe9c54000 	C:\WINDOWS\System32\KERNELBASE.dll
0x00007fffc6610000 - 0x00007fffc6882000 	C:\WINDOWS\system32\ctiuser.dll
0x00007fffeaf50000 - 0x00007fffeaff3000 	C:\WINDOWS\System32\ADVAPI32.dll
0x00007fffeb090000 - 0x00007fffeb12e000 	C:\WINDOWS\System32\msvcrt.dll
0x00007fffeaeb0000 - 0x00007fffeaf47000 	C:\WINDOWS\System32\sechost.dll
0x00007fffebc50000 - 0x00007fffebd70000 	C:\WINDOWS\System32\RPCRT4.dll
0x00007fffe9f40000 - 0x00007fffea0d4000 	C:\WINDOWS\System32\USER32.dll
0x00007fffe9cb0000 - 0x00007fffe9cd1000 	C:\WINDOWS\System32\win32u.dll
0x00007fffebc20000 - 0x00007fffebc46000 	C:\WINDOWS\System32\GDI32.dll
0x00007fffe9810000 - 0x00007fffe99a6000 	C:\WINDOWS\System32\gdi32full.dll
0x00007fffe9ce0000 - 0x00007fffe9d7e000 	C:\WINDOWS\System32\msvcp_win.dll
0x00007fffe9710000 - 0x00007fffe980a000 	C:\WINDOWS\System32\ucrtbase.dll
0x00007fffddf20000 - 0x00007fffde1a4000 	C:\WINDOWS\WinSxS\amd64_microsoft.windows.common-controls_6595b64144ccf1df_6.0.18362.959_none_e6c7bbbf130c62bb\COMCTL32.dll
0x00007fffeb850000 - 0x00007fffebb85000 	C:\WINDOWS\System32\combase.dll
0x00007fffe9e00000 - 0x00007fffe9e80000 	C:\WINDOWS\System32\bcryptPrimitives.dll
0x00007fffebc10000 - 0x00007fffebc18000 	C:\WINDOWS\System32\PSAPI.DLL
0x00007fffdd980000 - 0x00007fffdd98a000 	C:\WINDOWS\SYSTEM32\FLTLIB.DLL
0x00007fffeb7b0000 - 0x00007fffeb7de000 	C:\WINDOWS\System32\IMM32.DLL
0x000000006e660000 - 0x000000006e732000 	C:\Program Files\Java\jdk1.8.0_171\jre\bin\msvcr100.dll
0x000000006e740000 - 0x000000006efe0000 	C:\Program Files\Java\jdk1.8.0_171\jre\bin\server\jvm.dll
0x00007fffe7880000 - 0x00007fffe7889000 	C:\WINDOWS\SYSTEM32\WSOCK32.dll
0x00007fffeb130000 - 0x00007fffeb19f000 	C:\WINDOWS\System32\WS2_32.dll
0x00007fffdedf0000 - 0x00007fffdee14000 	C:\WINDOWS\SYSTEM32\WINMM.dll
0x00007fffe0070000 - 0x00007fffe007a000 	C:\WINDOWS\SYSTEM32\VERSION.dll
0x00007fffdea30000 - 0x00007fffdea5d000 	C:\WINDOWS\SYSTEM32\WINMMBASE.dll
0x00007fffe9c60000 - 0x00007fffe9caa000 	C:\WINDOWS\System32\cfgmgr32.dll
0x00000000700d0000 - 0x00000000700df000 	C:\Program Files\Java\jdk1.8.0_171\jre\bin\verify.dll
0x000000006e5f0000 - 0x000000006e619000 	C:\Program Files\Java\jdk1.8.0_171\jre\bin\java.dll
0x000000006e220000 - 0x000000006e255000 	C:\Program Files\Java\jdk1.8.0_171\jre\bin\jdwp.dll
0x000000006e210000 - 0x000000006e218000 	C:\Program Files\Java\jdk1.8.0_171\jre\bin\npt.dll
0x000000006e5d0000 - 0x000000006e5e6000 	C:\Program Files\Java\jdk1.8.0_171\jre\bin\zip.dll
0x00007fffea290000 - 0x00007fffea976000 	C:\WINDOWS\System32\SHELL32.dll
0x00007fffea980000 - 0x00007fffeaa29000 	C:\WINDOWS\System32\shcore.dll
0x00007fffe8e00000 - 0x00007fffe9582000 	C:\WINDOWS\System32\windows.storage.dll
0x00007fffe8d90000 - 0x00007fffe8db3000 	C:\WINDOWS\System32\profapi.dll
0x00007fffe8d40000 - 0x00007fffe8d8a000 	C:\WINDOWS\System32\powrprof.dll
0x00007fffe8d30000 - 0x00007fffe8d40000 	C:\WINDOWS\System32\UMPDC.dll
0x00007fffeb7f0000 - 0x00007fffeb842000 	C:\WINDOWS\System32\shlwapi.dll
0x00007fffe8de0000 - 0x00007fffe8df1000 	C:\WINDOWS\System32\kernel.appcore.dll
0x00007fffe9de0000 - 0x00007fffe9df7000 	C:\WINDOWS\System32\cryptsp.dll
0x000000006e310000 - 0x000000006e31b000 	C:\Program Files\Java\jdk1.8.0_171\jre\bin\dt_shmem.dll
0x000000006e3f0000 - 0x000000006e588000 	C:\Program Files\Java\jdk1.8.0_171\jre\bin\awt.dll
0x00007fffeaa90000 - 0x00007fffeab55000 	C:\WINDOWS\System32\OLEAUT32.dll
0x00007fffe6770000 - 0x00007fffe67ff000 	C:\WINDOWS\SYSTEM32\apphelp.dll
0x00007fffe6e50000 - 0x00007fffe6ee9000 	C:\WINDOWS\system32\uxtheme.dll
0x00007fffeb670000 - 0x00007fffeb7a5000 	C:\WINDOWS\System32\MSCTF.dll
0x00007fffead50000 - 0x00007fffeaea7000 	C:\WINDOWS\System32\ole32.dll
0x00007fffe71f0000 - 0x00007fffe721d000 	C:\WINDOWS\system32\DWMAPI.DLL
0x000000006e3a0000 - 0x000000006e3e7000 	C:\Program Files\Java\jdk1.8.0_171\jre\bin\fontmanager.dll
0x00007fffbc920000 - 0x00007fffbca76000 	C:\WINDOWS\system32\opengl32.dll
0x00007fffbcf40000 - 0x00007fffbcf6c000 	C:\WINDOWS\SYSTEM32\GLU32.dll
0x00007fffe7900000 - 0x00007fffe7920000 	C:\WINDOWS\SYSTEM32\dxcore.dll
0x000000006e5b0000 - 0x000000006e5ca000 	C:\Program Files\Java\jdk1.8.0_171\jre\bin\net.dll
0x00007fffe85a0000 - 0x00007fffe8607000 	C:\WINDOWS\system32\mswsock.dll
0x000000006e590000 - 0x000000006e5a1000 	C:\Program Files\Java\jdk1.8.0_171\jre\bin\nio.dll
0x000000006e350000 - 0x000000006e392000 	C:\Program Files\Java\jdk1.8.0_171\jre\bin\t2k.dll
0x00007fffeaca0000 - 0x00007fffead42000 	C:\WINDOWS\System32\clbcatq.dll
0x00007fffdbba0000 - 0x00007fffdbd4f000 	C:\WINDOWS\SYSTEM32\WindowsCodecs.dll
0x00007fffca7f0000 - 0x00007fffca82a000 	C:\WINDOWS\system32\dataexchange.dll
0x00007fffe58f0000 - 0x00007fffe5b4b000 	C:\WINDOWS\system32\d3d11.dll
0x00007fffe5c20000 - 0x00007fffe5dfd000 	C:\WINDOWS\system32\dcomp.dll
0x00007fffe7b00000 - 0x00007fffe7beb000 	C:\WINDOWS\system32\dxgi.dll
0x00007fffe6bc0000 - 0x00007fffe6e22000 	C:\WINDOWS\system32\twinapi.appcore.dll
0x00007fffe71c0000 - 0x00007fffe71e9000 	C:\WINDOWS\system32\RMCLIENT.dll
0x000000006e1d0000 - 0x000000006e201000 	C:\Program Files\Java\jdk1.8.0_171\jre\bin\jpeg.dll
0x00007fffdb720000 - 0x00007fffdb7be000 	C:\WINDOWS\System32\TextInputFramework.dll
0x00007fffdb2b0000 - 0x00007fffdb5da000 	C:\WINDOWS\System32\CoreUIComponents.dll
0x00007fffe62a0000 - 0x00007fffe6374000 	C:\WINDOWS\System32\CoreMessaging.dll
0x00007fffe7e40000 - 0x00007fffe7e71000 	C:\WINDOWS\SYSTEM32\ntmarta.dll
0x00007fffe3f10000 - 0x00007fffe4063000 	C:\WINDOWS\SYSTEM32\wintypes.dll
0x00007fffdc980000 - 0x00007fffdcc26000 	C:\WINDOWS\System32\iertutil.dll
0x00007fffd1990000 - 0x00007fffd19a6000 	C:\WINDOWS\system32\napinsp.dll
0x00007fffd1970000 - 0x00007fffd198a000 	C:\WINDOWS\system32\pnrpnsp.dll
0x00007fffe82f0000 - 0x00007fffe83bb000 	C:\WINDOWS\SYSTEM32\DNSAPI.dll
0x00007fffe9f30000 - 0x00007fffe9f38000 	C:\WINDOWS\System32\NSI.dll
0x00007fffe82b0000 - 0x00007fffe82ea000 	C:\WINDOWS\SYSTEM32\IPHLPAPI.DLL
0x00007fffcef50000 - 0x00007fffcef5e000 	C:\WINDOWS\System32\winrnr.dll
0x00007fffe4a70000 - 0x00007fffe4a8c000 	C:\WINDOWS\system32\NLAapi.dll
0x00007fffe3a70000 - 0x00007fffe3a85000 	C:\WINDOWS\system32\wshbth.dll
0x00007fffdf190000 - 0x00007fffdf19a000 	C:\Windows\System32\rasadhlp.dll
0x00007fffe3870000 - 0x00007fffe38e7000 	C:\WINDOWS\System32\fwpuclnt.dll
0x00007fffe96e0000 - 0x00007fffe9706000 	C:\WINDOWS\System32\bcrypt.dll

VM Arguments:
jvm_args: -Xdebug -Xrunjdwp:transport=dt_shmem,address=javadebug -Dfile.encoding=UTF-8 -Xverify:none 
java_command: PlannTool.ablak
java_class_path (initial): C:\Users\gabor_hanacsek\Desktop\Javakok\mysql-connector-java-5.1.42-bin.jar;C:\Users\gabor_hanacsek\Desktop\Javakok\jxl\jxl.jar;C:\Users\gabor_hanacsek\Desktop\Javakok\jcalendar-1.555.jar\jcalendar-1.4.jar;C:\Users\gabor_hanacsek\Desktop\Javakok\jxdatepicker-support-1.0.jar;C:\Users\gabor_hanacsek\Desktop\Javakok\activation.jar\activation.jar;C:\Users\gabor_hanacsek\Desktop\Javakok\java-mail-1.4.4.jar\java-mail-1.4.4.jar;C:\Users\gabor_hanacsek\Desktop\Javakok\joda-time-2.10.jar;C:\Users\gabor_hanacsek\Desktop\Javakok\AbsoluteLayout.jar;C:\Users\gabor_hanacsek\Desktop\Javakok\poi-bin-4.0.1-20181203\poi-4.0.1\poi-4.0.1.jar;C:\Users\gabor_hanacsek\Desktop\Javakok\poi-bin-4.0.1-20181203\poi-4.0.1\poi-examples-4.0.1.jar;C:\Users\gabor_hanacsek\Desktop\Javakok\poi-bin-4.0.1-20181203\poi-4.0.1\poi-excelant-4.0.1.jar;C:\Users\gabor_hanacsek\Desktop\Javakok\poi-bin-4.0.1-20181203\poi-4.0.1\poi-ooxml-4.0.1.jar;C:\Users\gabor_hanacsek\Desktop\Javakok\poi-bin-4.0.1-20181203\poi-4.0.1\poi-ooxml-schemas-4.0.1.jar;C:\Users\gabor_hanacsek\Desktop\Javakok\poi-bin-4.0.1-20181203\poi-4.0.1\poi-scratchpad-4.0.1.jar;C:\Users\gabor_hanacsek\Desktop\Javakok\poi-bin-4.0.1-20181203\poi-4.0.1\lib\activation-1.1.1.jar;C:\Users\gabor_hanacsek\Desktop\Javakok\poi-bin-4.0.1-20181203\poi-4.0.1\lib\commons-codec-1.11.jar;C:\Users\gabor_hanacsek\Desktop\Javakok\poi-bin-4.0.1-20181203\poi-4.0.1\lib\commons-collections4-4.2.jar;C:\Users\gabor_hanacsek\Desktop\Javakok\poi-bin-4.0.1-20181203\poi-4.0.1\lib\commons-compress-1.18.jar;C:\Users\gabor_hanacsek\Desktop\Javakok\poi-bin-4.0.1-20181203\poi-4.0.1\lib\commons-logging-1.2.jar;C:\Users\gabor_hanacsek\Desktop\Javakok\poi-bin-4.0.1-20181203\poi-4.0.1\lib\commons-math3-3.6.1.jar;C:\Users\gabor_hanacsek\Desktop\Javakok\poi-bin-4.0.1-20181203\poi-4.0.1\lib\jaxb-api-2.3.0.jar;C:\Users\gabor_hanacsek\Desktop\Javakok\poi-bin-4.0.1-20181203\poi-4.0.1\lib\jaxb-core-2.3.0.1.jar;C:\Users\gabor_hanacsek\Desktop\Javakok\poi-bin-4.0.1
Launcher Type: SUN_STANDARD

Environment Variables:
PATH=C:\Program Files (x86)\Common Files\Oracle\Java\javapath;C:\WINDOWS\system32;C:\WINDOWS;C:\WINDOWS\System32\Wbem;C:\WINDOWS\System32\WindowsPowerShell\v1.0\;C:\Program Files\Microsoft SQL Server\110\Tools\Binn\;C:\Program Files (x86)\Microsoft SDKs\TypeScript\1.0\;C:\Program Files\Microsoft SQL Server\120\Tools\Binn\;C:\Program Files (x86)\Microsoft SQL Server\Client SDK\ODBC\130\Tools\Binn\;C:\Program Files (x86)\Microsoft SQL Server\140\Tools\Binn\;C:\Program Files (x86)\Microsoft SQL Server\140\DTS\Binn\;C:\Program Files (x86)\Microsoft SQL Server\140\Tools\Binn\ManagementStudio\;C:\Program Files (x86)\Intel\Intel(R) Management Engine Components\DAL;C:\Program Files\Intel\Intel(R) Management Engine Components\DAL;C:\WINDOWS\System32\OpenSSH\;C:\Users\gabor_hanacsek\AppData\Local\Microsoft\WindowsApps;
USERNAME=gabor_hanacsek
OS=Windows_NT
PROCESSOR_IDENTIFIER=Intel64 Family 6 Model 78 Stepping 3, GenuineIntel



---------------  S Y S T E M  ---------------

OS: Windows 10.0 , 64 bit Build 18362 (10.0.18362.959)

CPU:total 4 (initial active 4) (2 cores per cpu, 2 threads per core) family 6 model 78 stepping 3, cmov, cx8, fxsr, mmx, sse, sse2, sse3, ssse3, sse4.1, sse4.2, popcnt, avx, avx2, aes, clmul, erms, rtm, 3dnowpref, lzcnt, ht, tsc, tscinvbit, bmi1, bmi2, adx

Memory: 4k page, physical 8205472k(3247024k free), swap 33371296k(3420k free)

vm_info: Java HotSpot(TM) 64-Bit Server VM (25.171-b11) for windows-amd64 JRE (1.8.0_171-b11), built on Mar 28 2018 16:06:12 by "java_re" with MS VC++ 10.0 (VS2010)

time: Mon Aug 10 07:13:08 2020
elapsed time: 170848 seconds (1d 23h 27m 28s)

