#
# There is insufficient memory for the Java Runtime Environment to continue.
# Native memory allocation (malloc) failed to allocate 3431696 bytes for Chunk::new
# Possible reasons:
#   The system is out of physical RAM or swap space
#   In 32 bit mode, the process size limit was hit
# Possible solutions:
#   Reduce memory load on the system
#   Increase physical memory or swap space
#   Check if swap backing store is full
#   Use 64 bit Java on a 64 bit OS
#   Decrease Java heap size (-Xmx/-Xms)
#   Decrease number of Java threads
#   Decrease Java thread stack sizes (-Xss)
#   Set larger code cache with -XX:ReservedCodeCacheSize=
# This output file may be truncated or incomplete.
#
#  Out of Memory Error (allocation.cpp:390), pid=15600, tid=0x000000000000203c
#
# JRE version: Java(TM) SE Runtime Environment (8.0_171-b11) (build 1.8.0_171-b11)
# Java VM: Java HotSpot(TM) 64-Bit Server VM (25.171-b11 mixed mode windows-amd64 compressed oops)
# Failed to write core dump. Minidumps are not enabled by default on client versions of Windows
#

---------------  T H R E A D  ---------------

Current thread (0x00000000174aa000):  JavaThread "C2 CompilerThread1" daemon [_thread_in_native, id=8252, stack(0x0000000018de0000,0x0000000018ee0000)]

Stack: [0x0000000018de0000,0x0000000018ee0000]
[error occurred during error reporting (printing stack bounds), id 0xc0000005]

Native frames: (J=compiled Java code, j=interpreted, Vv=VM code, C=native code)


Current CompileTask:
C2:  52588 3308       4       javax.swing.JComponent::reshape (10 bytes)


---------------  P R O C E S S  ---------------

Java Threads: ( => current thread )
  0x0000000019e33800 JavaThread "Abandoned connection cleanup thread" daemon [_thread_blocked, id=15568, stack(0x000000001e1c0000,0x000000001e2c0000)]
  0x0000000019af0000 JavaThread "TimerQueue" daemon [_thread_blocked, id=9112, stack(0x000000001b430000,0x000000001b530000)]
  0x000000001924b000 JavaThread "org.netbeans.modules.debugger.jpda.visual AWT Access Loop" daemon [_thread_blocked, id=16552, stack(0x000000001b130000,0x000000001b230000)]
  0x0000000002903800 JavaThread "DestroyJavaVM" [_thread_blocked, id=2224, stack(0x0000000002790000,0x0000000002890000)]
  0x0000000019947000 JavaThread "AWT-EventQueue-0" [_thread_blocked, id=5736, stack(0x000000001b030000,0x000000001b130000)]
  0x0000000019870000 JavaThread "AWT-Windows" daemon [_thread_in_native, id=1972, stack(0x000000001a120000,0x000000001a220000)]
  0x000000001986f000 JavaThread "AWT-Shutdown" [_thread_blocked, id=3444, stack(0x000000001a020000,0x000000001a120000)]
  0x000000001986b800 JavaThread "Java2D Disposer" daemon [_thread_blocked, id=9956, stack(0x0000000019f20000,0x000000001a020000)]
  0x0000000018f0e000 JavaThread "Service Thread" daemon [_thread_blocked, id=10524, stack(0x00000000193e0000,0x00000000194e0000)]
  0x00000000174de000 JavaThread "C1 CompilerThread2" daemon [_thread_blocked, id=5304, stack(0x00000000192e0000,0x00000000193e0000)]
=>0x00000000174aa000 JavaThread "C2 CompilerThread1" daemon [_thread_in_native, id=8252, stack(0x0000000018de0000,0x0000000018ee0000)]
  0x00000000174a8800 JavaThread "C2 CompilerThread0" daemon [_thread_blocked, id=15584, stack(0x0000000018ce0000,0x0000000018de0000)]
  0x000000001749a800 JavaThread "JDWP Command Reader" daemon [_thread_in_native, id=4540, stack(0x0000000018be0000,0x0000000018ce0000)]
  0x0000000017497000 JavaThread "JDWP Event Helper Thread" daemon [_thread_blocked, id=7608, stack(0x0000000018ae0000,0x0000000018be0000)]
  0x000000001748a000 JavaThread "JDWP Transport Listener: dt_shmem" daemon [_thread_blocked, id=18052, stack(0x00000000189e0000,0x0000000018ae0000)]
  0x000000001747f000 JavaThread "Attach Listener" daemon [_thread_blocked, id=12528, stack(0x00000000188e0000,0x00000000189e0000)]
  0x00000000029fe800 JavaThread "Signal Dispatcher" daemon [_thread_blocked, id=13716, stack(0x0000000002690000,0x0000000002790000)]
  0x00000000029f7800 JavaThread "Finalizer" daemon [_thread_blocked, id=6716, stack(0x00000000186e0000,0x00000000187e0000)]
  0x0000000017449800 JavaThread "Reference Handler" daemon [_thread_blocked, id=11780, stack(0x00000000185e0000,0x00000000186e0000)]

Other Threads:
  0x0000000017448000 VMThread [stack: 0x00000000184e0000,0x00000000185e0000] [id=18384]
  0x0000000018f37800 WatcherThread [stack: 0x00000000194e0000,0x00000000195e0000] [id=10604]

VM state:not at safepoint (normal execution)

VM Mutex/Monitor currently owned by a thread: None

Heap:
 PSYoungGen      total 37888K, used 17350K [0x00000000d6400000, 0x00000000d8e00000, 0x0000000100000000)
  eden space 32768K, 52% used [0x00000000d6400000,0x00000000d74f19f8,0x00000000d8400000)
  from space 5120K, 0% used [0x00000000d8900000,0x00000000d8900000,0x00000000d8e00000)
  to   space 5120K, 0% used [0x00000000d8400000,0x00000000d8400000,0x00000000d8900000)
 ParOldGen       total 81920K, used 13046K [0x0000000082c00000, 0x0000000087c00000, 0x00000000d6400000)
  object space 81920K, 15% used [0x0000000082c00000,0x00000000838bdb88,0x0000000087c00000)
 Metaspace       used 22204K, capacity 22508K, committed 22960K, reserved 1069056K
  class space    used 2654K, capacity 2776K, committed 2816K, reserved 1048576K

Card table byte_map: [0x0000000011dc0000,0x00000000121b0000] byte_map_base: 0x00000000119aa000

Marking Bits: (ParMarkBitMap*) 0x0000000057eb08c0
 Begin Bits: [0x0000000012850000, 0x00000000147a0000)
 End Bits:   [0x00000000147a0000, 0x00000000166f0000)

Polling page: 0x0000000000e30000

CodeCache: size=245760Kb used=9869Kb max_used=9875Kb free=235890Kb
 bounds [0x0000000002a00000, 0x00000000033c0000, 0x0000000011a00000]
 total_blobs=3598 nmethods=2991 adapters=525
 compilation: enabled

Compilation events (10 events):
Event: 51.611 Thread 0x00000000174aa000 3308       4       javax.swing.JComponent::reshape (10 bytes)
Event: 51.612 Thread 0x00000000174a8800 nmethod 3307 0x0000000003398450 code [0x0000000003398580, 0x0000000003398618]
Event: 51.612 Thread 0x00000000174de000 3309       3       javax.swing.RepaintManager::access$800 (4 bytes)
Event: 51.612 Thread 0x00000000174de000 nmethod 3309 0x00000000033a0750 code [0x00000000033a08a0, 0x00000000033a09d0]
Event: 51.613 Thread 0x00000000174de000 3310       1       javax.swing.JComponent::alwaysOnTop (2 bytes)
Event: 51.613 Thread 0x00000000174de000 nmethod 3310 0x00000000033ae9d0 code [0x00000000033aeb20, 0x00000000033aec30]
Event: 51.613 Thread 0x00000000174de000 3311       1       sun.java2d.SurfaceDataProxy::isValid (5 bytes)
Event: 51.613 Thread 0x00000000174de000 nmethod 3311 0x00000000033a6410 code [0x00000000033a6560, 0x00000000033a6670]
Event: 52.528 Thread 0x00000000174de000 3312       3       sun.java2d.pipe.ValidatePipe::fillRect (25 bytes)
Event: 52.529 Thread 0x00000000174de000 nmethod 3312 0x00000000033a58d0 code [0x00000000033a5a80, 0x00000000033a60a8]

GC Heap History (6 events):
Event: 6.085 GC heap before
{Heap before GC invocations=1 (full 0):
 PSYoungGen      total 37888K, used 32768K [0x00000000d6400000, 0x00000000d8e00000, 0x0000000100000000)
  eden space 32768K, 100% used [0x00000000d6400000,0x00000000d8400000,0x00000000d8400000)
  from space 5120K, 0% used [0x00000000d8900000,0x00000000d8900000,0x00000000d8e00000)
  to   space 5120K, 0% used [0x00000000d8400000,0x00000000d8400000,0x00000000d8900000)
 ParOldGen       total 86016K, used 0K [0x0000000082c00000, 0x0000000088000000, 0x00000000d6400000)
  object space 86016K, 0% used [0x0000000082c00000,0x0000000082c00000,0x0000000088000000)
 Metaspace       used 14943K, capacity 15212K, committed 15360K, reserved 1062912K
  class space    used 1942K, capacity 2032K, committed 2048K, reserved 1048576K
Event: 6.105 GC heap after
Heap after GC invocations=1 (full 0):
 PSYoungGen      total 37888K, used 5104K [0x00000000d6400000, 0x00000000d8e00000, 0x0000000100000000)
  eden space 32768K, 0% used [0x00000000d6400000,0x00000000d6400000,0x00000000d8400000)
  from space 5120K, 99% used [0x00000000d8400000,0x00000000d88fc0d0,0x00000000d8900000)
  to   space 5120K, 0% used [0x00000000d8900000,0x00000000d8900000,0x00000000d8e00000)
 ParOldGen       total 86016K, used 1910K [0x0000000082c00000, 0x0000000088000000, 0x00000000d6400000)
  object space 86016K, 2% used [0x0000000082c00000,0x0000000082dddab8,0x0000000088000000)
 Metaspace       used 14943K, capacity 15212K, committed 15360K, reserved 1062912K
  class space    used 1942K, capacity 2032K, committed 2048K, reserved 1048576K
}
Event: 25.244 GC heap before
{Heap before GC invocations=2 (full 0):
 PSYoungGen      total 37888K, used 27995K [0x00000000d6400000, 0x00000000d8e00000, 0x0000000100000000)
  eden space 32768K, 69% used [0x00000000d6400000,0x00000000d7a5ac20,0x00000000d8400000)
  from space 5120K, 99% used [0x00000000d8400000,0x00000000d88fc0d0,0x00000000d8900000)
  to   space 5120K, 0% used [0x00000000d8900000,0x00000000d8900000,0x00000000d8e00000)
 ParOldGen       total 86016K, used 1910K [0x0000000082c00000, 0x0000000088000000, 0x00000000d6400000)
  object space 86016K, 2% used [0x0000000082c00000,0x0000000082dddab8,0x0000000088000000)
 Metaspace       used 20719K, capacity 20998K, committed 21296K, reserved 1069056K
  class space    used 2508K, capacity 2613K, committed 2688K, reserved 1048576K
Event: 25.268 GC heap after
Heap after GC invocations=2 (full 0):
 PSYoungGen      total 37888K, used 5088K [0x00000000d6400000, 0x00000000d8e00000, 0x0000000100000000)
  eden space 32768K, 0% used [0x00000000d6400000,0x00000000d6400000,0x00000000d8400000)
  from space 5120K, 99% used [0x00000000d8900000,0x00000000d8df8110,0x00000000d8e00000)
  to   space 5120K, 0% used [0x00000000d8400000,0x00000000d8400000,0x00000000d8900000)
 ParOldGen       total 86016K, used 8819K [0x0000000082c00000, 0x0000000088000000, 0x00000000d6400000)
  object space 86016K, 10% used [0x0000000082c00000,0x000000008349cc68,0x0000000088000000)
 Metaspace       used 20719K, capacity 20998K, committed 21296K, reserved 1069056K
  class space    used 2508K, capacity 2613K, committed 2688K, reserved 1048576K
}
Event: 25.268 GC heap before
{Heap before GC invocations=3 (full 1):
 PSYoungGen      total 37888K, used 5088K [0x00000000d6400000, 0x00000000d8e00000, 0x0000000100000000)
  eden space 32768K, 0% used [0x00000000d6400000,0x00000000d6400000,0x00000000d8400000)
  from space 5120K, 99% used [0x00000000d8900000,0x00000000d8df8110,0x00000000d8e00000)
  to   space 5120K, 0% used [0x00000000d8400000,0x00000000d8400000,0x00000000d8900000)
 ParOldGen       total 86016K, used 8819K [0x0000000082c00000, 0x0000000088000000, 0x00000000d6400000)
  object space 86016K, 10% used [0x0000000082c00000,0x000000008349cc68,0x0000000088000000)
 Metaspace       used 20719K, capacity 20998K, committed 21296K, reserved 1069056K
  class space    used 2508K, capacity 2613K, committed 2688K, reserved 1048576K
Event: 25.553 GC heap after
Heap after GC invocations=3 (full 1):
 PSYoungGen      total 37888K, used 0K [0x00000000d6400000, 0x00000000d8e00000, 0x0000000100000000)
  eden space 32768K, 0% used [0x00000000d6400000,0x00000000d6400000,0x00000000d8400000)
  from space 5120K, 0% used [0x00000000d8900000,0x00000000d8900000,0x00000000d8e00000)
  to   space 5120K, 0% used [0x00000000d8400000,0x00000000d8400000,0x00000000d8900000)
 ParOldGen       total 81920K, used 13046K [0x0000000082c00000, 0x0000000087c00000, 0x00000000d6400000)
  object space 81920K, 15% used [0x0000000082c00000,0x00000000838bdb88,0x0000000087c00000)
 Metaspace       used 20719K, capacity 20998K, committed 21296K, reserved 1069056K
  class space    used 2508K, capacity 2613K, committed 2688K, reserved 1048576K
}

Deoptimization events (10 events):
Event: 32.029 Thread 0x000000001bc4b800 Uncommon trap: reason=null_check action=make_not_entrant pc=0x00000000032d6814 method=com.mysql.jdbc.ConnectionImpl.getCharsetConverter(Ljava/lang/String;)Lcom/mysql/jdbc/SingleByteCharsetConverter; @ 50
Event: 32.754 Thread 0x000000001bc4b800 Uncommon trap: reason=null_check action=make_not_entrant pc=0x0000000003322614 method=com.mysql.jdbc.ConnectionImpl.getCharsetConverter(Ljava/lang/String;)Lcom/mysql/jdbc/SingleByteCharsetConverter; @ 50
Event: 34.576 Thread 0x000000001bc4b800 Uncommon trap: reason=class_check action=maybe_recompile pc=0x0000000002f1a00c method=java.util.Properties$LineReader.readLine()I @ 410
Event: 34.597 Thread 0x000000001bc4b800 Uncommon trap: reason=unstable_if action=reinterpret pc=0x0000000002eee574 method=sun.nio.cs.UTF_8$Encoder.encode([CII[B)I @ 33
Event: 35.032 Thread 0x000000001bc4b800 Uncommon trap: reason=unstable_if action=reinterpret pc=0x0000000002f78fb4 method=java.lang.CharacterDataLatin1.digit(II)I @ 82
Event: 36.805 Thread 0x000000001bc4b800 Uncommon trap: reason=unstable_if action=reinterpret pc=0x0000000002f369d0 method=java.lang.String.substring(II)Ljava/lang/String; @ 19
Event: 51.256 Thread 0x0000000019947000 Uncommon trap: reason=unstable_if action=reinterpret pc=0x0000000003020418 method=java.util.regex.Pattern$Start.match(Ljava/util/regex/Matcher;ILjava/lang/CharSequence;)Z @ 10
Event: 51.256 Thread 0x0000000019947000 Uncommon trap: reason=class_check action=maybe_recompile pc=0x00000000033803c0 method=java.util.regex.Pattern$Start.match(Ljava/util/regex/Matcher;ILjava/lang/CharSequence;)Z @ 44
Event: 51.256 Thread 0x0000000019947000 Uncommon trap: reason=class_check action=maybe_recompile pc=0x00000000033803c0 method=java.util.regex.Pattern$Start.match(Ljava/util/regex/Matcher;ILjava/lang/CharSequence;)Z @ 44
Event: 51.256 Thread 0x0000000019947000 Uncommon trap: reason=unstable_if action=reinterpret pc=0x0000000003380610 method=java.util.regex.Pattern$Start.match(Ljava/util/regex/Matcher;ILjava/lang/CharSequence;)Z @ 10

Classes redefined (0 events):
No events

Internal exceptions (10 events):
Event: 7.540 Thread 0x0000000019947000 Exception <a 'java/io/FileNotFoundException'> (0x00000000d67cfb70) thrown at [C:\re\workspace\8-2-build-windows-amd64-cygwin\jdk8u171\10807\hotspot\src\share\vm\prims\jni.cpp, line 709]
Event: 16.631 Thread 0x0000000019cda000 Exception <a 'java/lang/InterruptedException': sleep interrupted> (0x00000000d7299340) thrown at [C:\re\workspace\8-2-build-windows-amd64-cygwin\jdk8u171\10807\hotspot\src\share\vm\prims\jvm.cpp, line 3225]
Event: 19.763 Thread 0x000000001bc4b800 Implicit null exception at 0x00000000030d0740 to 0x00000000030d0831
Event: 31.244 Thread 0x0000000019cda000 Exception <a 'java/lang/InterruptedException': sleep interrupted> (0x00000000d6735b10) thrown at [C:\re\workspace\8-2-build-windows-amd64-cygwin\jdk8u171\10807\hotspot\src\share\vm\prims\jvm.cpp, line 3225]
Event: 32.029 Thread 0x000000001bc4b800 Implicit null exception at 0x00000000032d626d to 0x00000000032d6802
Event: 32.754 Thread 0x000000001bc4b800 Implicit null exception at 0x0000000003321655 to 0x00000000033225ef
Event: 34.567 Thread 0x000000001bc4b800 Exception <a 'java/io/FileNotFoundException'> (0x00000000d7121c60) thrown at [C:\re\workspace\8-2-build-windows-amd64-cygwin\jdk8u171\10807\hotspot\src\share\vm\prims\jni.cpp, line 709]
Event: 34.578 Thread 0x000000001bc4b800 Exception <a 'java/io/FileNotFoundException'> (0x00000000d714bf98) thrown at [C:\re\workspace\8-2-build-windows-amd64-cygwin\jdk8u171\10807\hotspot\src\share\vm\prims\jni.cpp, line 709]
Event: 34.621 Thread 0x000000001bc4b800 Exception <a 'java/io/FileNotFoundException'> (0x00000000d7202950) thrown at [C:\re\workspace\8-2-build-windows-amd64-cygwin\jdk8u171\10807\hotspot\src\share\vm\prims\jni.cpp, line 709]
Event: 34.622 Thread 0x000000001bc4b800 Exception <a 'java/io/FileNotFoundException'> (0x00000000d72033b0) thrown at [C:\re\workspace\8-2-build-windows-amd64-cygwin\jdk8u171\10807\hotspot\src\share\vm\prims\jni.cpp, line 709]

Events (10 events):
Event: 51.256 Thread 0x0000000019947000 DEOPT UNPACKING pc=0x0000000002a4583b sp=0x000000001b12ba70 mode 2
Event: 51.256 Thread 0x0000000019947000 Uncommon trap: trap_request=0xffffffde fr.pc=0x00000000033803c0
Event: 51.256 Thread 0x0000000019947000 DEOPT PACKING pc=0x00000000033803c0 sp=0x000000001b12ba70
Event: 51.256 Thread 0x0000000019947000 DEOPT UNPACKING pc=0x0000000002a4583b sp=0x000000001b12ba48 mode 2
Event: 51.256 Thread 0x0000000019947000 Uncommon trap: trap_request=0xffffffde fr.pc=0x00000000033803c0
Event: 51.256 Thread 0x0000000019947000 DEOPT PACKING pc=0x00000000033803c0 sp=0x000000001b12ba70
Event: 51.256 Thread 0x0000000019947000 DEOPT UNPACKING pc=0x0000000002a4583b sp=0x000000001b12ba48 mode 2
Event: 51.256 Thread 0x0000000019947000 Uncommon trap: trap_request=0xffffff65 fr.pc=0x0000000003380610
Event: 51.256 Thread 0x0000000019947000 DEOPT PACKING pc=0x0000000003380610 sp=0x000000001b12ba70
Event: 51.256 Thread 0x0000000019947000 DEOPT UNPACKING pc=0x0000000002a4583b sp=0x000000001b12ba58 mode 2


Dynamic libraries:
0x00007ff6af460000 - 0x00007ff6af497000 	C:\Program Files\Java\jdk1.8.0_171\jre\bin\java.exe
0x00007ff9defa0000 - 0x00007ff9df190000 	C:\WINDOWS\SYSTEM32\ntdll.dll
0x00007ff9dd740000 - 0x00007ff9dd7f2000 	C:\WINDOWS\System32\KERNEL32.DLL
0x00007ff9dcae0000 - 0x00007ff9dcd83000 	C:\WINDOWS\System32\KERNELBASE.dll
0x00007ff9bc600000 - 0x00007ff9bc826000 	C:\WINDOWS\system32\ctiuser.dll
0x00007ff9decc0000 - 0x00007ff9ded63000 	C:\WINDOWS\System32\ADVAPI32.dll
0x00007ff9ded70000 - 0x00007ff9dee0e000 	C:\WINDOWS\System32\msvcrt.dll
0x00007ff9de080000 - 0x00007ff9de117000 	C:\WINDOWS\System32\sechost.dll
0x00007ff9deba0000 - 0x00007ff9decc0000 	C:\WINDOWS\System32\RPCRT4.dll
0x00007ff9ddee0000 - 0x00007ff9de074000 	C:\WINDOWS\System32\USER32.dll
0x00007ff9dc900000 - 0x00007ff9dc921000 	C:\WINDOWS\System32\win32u.dll
0x00007ff9dea90000 - 0x00007ff9deab6000 	C:\WINDOWS\System32\GDI32.dll
0x00007ff9dce10000 - 0x00007ff9dcfa4000 	C:\WINDOWS\System32\gdi32full.dll
0x00007ff9dcfb0000 - 0x00007ff9dd04e000 	C:\WINDOWS\System32\msvcp_win.dll
0x00007ff9dc930000 - 0x00007ff9dca2a000 	C:\WINDOWS\System32\ucrtbase.dll
0x00007ff9d0800000 - 0x00007ff9d0a85000 	C:\WINDOWS\WinSxS\amd64_microsoft.windows.common-controls_6595b64144ccf1df_6.0.18362.418_none_e6c6b287130d565d\COMCTL32.dll
0x00007ff9dda20000 - 0x00007ff9ddd56000 	C:\WINDOWS\System32\combase.dll
0x00007ff9dcd90000 - 0x00007ff9dce10000 	C:\WINDOWS\System32\bcryptPrimitives.dll
0x00007ff9dee10000 - 0x00007ff9dee18000 	C:\WINDOWS\System32\PSAPI.DLL
0x00007ff9cf710000 - 0x00007ff9cf71a000 	C:\WINDOWS\SYSTEM32\FLTLIB.DLL
0x00007ff9dee40000 - 0x00007ff9dee6e000 	C:\WINDOWS\System32\IMM32.DLL
0x00000000575b0000 - 0x0000000057682000 	C:\Program Files\Java\jdk1.8.0_171\jre\bin\msvcr100.dll
0x0000000057690000 - 0x0000000057f30000 	C:\Program Files\Java\jdk1.8.0_171\jre\bin\server\jvm.dll
0x00007ff9da970000 - 0x00007ff9da979000 	C:\WINDOWS\SYSTEM32\WSOCK32.dll
0x00007ff9de120000 - 0x00007ff9de18f000 	C:\WINDOWS\System32\WS2_32.dll
0x00007ff9d1a50000 - 0x00007ff9d1a74000 	C:\WINDOWS\SYSTEM32\WINMM.dll
0x00007ff9d2e80000 - 0x00007ff9d2e8a000 	C:\WINDOWS\SYSTEM32\VERSION.dll
0x00007ff9d1860000 - 0x00007ff9d188d000 	C:\WINDOWS\SYSTEM32\WINMMBASE.dll
0x00007ff9dbf30000 - 0x00007ff9dbf7a000 	C:\WINDOWS\System32\cfgmgr32.dll
0x0000000058d50000 - 0x0000000058d5f000 	C:\Program Files\Java\jdk1.8.0_171\jre\bin\verify.dll
0x0000000057540000 - 0x0000000057569000 	C:\Program Files\Java\jdk1.8.0_171\jre\bin\java.dll
0x0000000056ac0000 - 0x0000000056af5000 	C:\Program Files\Java\jdk1.8.0_171\jre\bin\jdwp.dll
0x0000000056ab0000 - 0x0000000056ab8000 	C:\Program Files\Java\jdk1.8.0_171\jre\bin\npt.dll
0x0000000057520000 - 0x0000000057536000 	C:\Program Files\Java\jdk1.8.0_171\jre\bin\zip.dll
0x00007ff9de190000 - 0x00007ff9de875000 	C:\WINDOWS\System32\SHELL32.dll
0x00007ff9dde30000 - 0x00007ff9dded9000 	C:\WINDOWS\System32\shcore.dll
0x00007ff9dbf80000 - 0x00007ff9dc6ff000 	C:\WINDOWS\System32\windows.storage.dll
0x00007ff9dbf10000 - 0x00007ff9dbf2f000 	C:\WINDOWS\System32\profapi.dll
0x00007ff9dbe80000 - 0x00007ff9dbeca000 	C:\WINDOWS\System32\powrprof.dll
0x00007ff9dbe70000 - 0x00007ff9dbe80000 	C:\WINDOWS\System32\UMPDC.dll
0x00007ff9dd880000 - 0x00007ff9dd8d2000 	C:\WINDOWS\System32\shlwapi.dll
0x00007ff9dbed0000 - 0x00007ff9dbee1000 	C:\WINDOWS\System32\kernel.appcore.dll
0x00007ff9dca30000 - 0x00007ff9dca47000 	C:\WINDOWS\System32\cryptsp.dll
0x0000000057200000 - 0x000000005720b000 	C:\Program Files\Java\jdk1.8.0_171\jre\bin\dt_shmem.dll
0x0000000057340000 - 0x00000000574d8000 	C:\Program Files\Java\jdk1.8.0_171\jre\bin\awt.dll
0x00007ff9ddd60000 - 0x00007ff9dde24000 	C:\WINDOWS\System32\OLEAUT32.dll
0x00007ff9d9b60000 - 0x00007ff9d9bef000 	C:\WINDOWS\SYSTEM32\apphelp.dll
0x00007ff9da060000 - 0x00007ff9da0f9000 	C:\WINDOWS\system32\uxtheme.dll
0x00007ff9dd8e0000 - 0x00007ff9dda16000 	C:\WINDOWS\System32\MSCTF.dll
0x00007ff9dd100000 - 0x00007ff9dd256000 	C:\WINDOWS\System32\ole32.dll
0x00007ff9da330000 - 0x00007ff9da35d000 	C:\WINDOWS\system32\DWMAPI.DLL
0x00000000572f0000 - 0x0000000057337000 	C:\Program Files\Java\jdk1.8.0_171\jre\bin\fontmanager.dll
0x00007ff9b5930000 - 0x00007ff9b5a86000 	C:\WINDOWS\system32\opengl32.dll
0x00007ff9b7670000 - 0x00007ff9b769c000 	C:\WINDOWS\SYSTEM32\GLU32.dll
0x00007ff9dab50000 - 0x00007ff9dab70000 	C:\WINDOWS\SYSTEM32\dxcore.dll
0x0000000057500000 - 0x000000005751a000 	C:\Program Files\Java\jdk1.8.0_171\jre\bin\net.dll
0x00007ff9db680000 - 0x00007ff9db6e7000 	C:\WINDOWS\system32\mswsock.dll
0x00000000574e0000 - 0x00000000574f1000 	C:\Program Files\Java\jdk1.8.0_171\jre\bin\nio.dll
0x00000000572a0000 - 0x00000000572e2000 	C:\Program Files\Java\jdk1.8.0_171\jre\bin\t2k.dll
0x00007ff9dd050000 - 0x00007ff9dd0f2000 	C:\WINDOWS\System32\clbcatq.dll
0x00007ff9cd2d0000 - 0x00007ff9cd47f000 	C:\WINDOWS\SYSTEM32\WindowsCodecs.dll
0x00007ff9be510000 - 0x00007ff9be54a000 	C:\WINDOWS\system32\dataexchange.dll
0x00007ff9d8bb0000 - 0x00007ff9d8e0b000 	C:\WINDOWS\system32\d3d11.dll
0x00007ff9d93b0000 - 0x00007ff9d958b000 	C:\WINDOWS\system32\dcomp.dll
0x00007ff9dac40000 - 0x00007ff9dad2b000 	C:\WINDOWS\system32\dxgi.dll
0x00007ff9d9e00000 - 0x00007ff9da05a000 	C:\WINDOWS\system32\twinapi.appcore.dll
0x00007ff9da300000 - 0x00007ff9da329000 	C:\WINDOWS\system32\RMCLIENT.dll
0x0000000057230000 - 0x0000000057261000 	C:\Program Files\Java\jdk1.8.0_171\jre\bin\jpeg.dll
0x00007ff9c86d0000 - 0x00007ff9c876e000 	C:\WINDOWS\System32\TextInputFramework.dll
0x00007ff9ccb60000 - 0x00007ff9cce8a000 	C:\WINDOWS\System32\CoreUIComponents.dll
0x00007ff9d9650000 - 0x00007ff9d9724000 	C:\WINDOWS\System32\CoreMessaging.dll
0x00007ff9daea0000 - 0x00007ff9daed1000 	C:\WINDOWS\SYSTEM32\ntmarta.dll
0x00007ff9d68a0000 - 0x00007ff9d69f3000 	C:\WINDOWS\SYSTEM32\wintypes.dll
0x00007ff9cfd70000 - 0x00007ff9d0016000 	C:\WINDOWS\System32\iertutil.dll
0x00007ff9c8910000 - 0x00007ff9c8926000 	C:\WINDOWS\system32\napinsp.dll
0x00007ff9c88f0000 - 0x00007ff9c890a000 	C:\WINDOWS\system32\pnrpnsp.dll
0x00007ff9db3d0000 - 0x00007ff9db49a000 	C:\WINDOWS\SYSTEM32\DNSAPI.dll
0x00007ff9dd730000 - 0x00007ff9dd738000 	C:\WINDOWS\System32\NSI.dll
0x00007ff9db390000 - 0x00007ff9db3ca000 	C:\WINDOWS\SYSTEM32\IPHLPAPI.DLL
0x00007ff9c88e0000 - 0x00007ff9c88ee000 	C:\WINDOWS\System32\winrnr.dll
0x00007ff9d7d00000 - 0x00007ff9d7d1c000 	C:\WINDOWS\system32\NLAapi.dll
0x00007ff9d61f0000 - 0x00007ff9d6205000 	C:\WINDOWS\system32\wshbth.dll
0x00007ff9d20d0000 - 0x00007ff9d20da000 	C:\Windows\System32\rasadhlp.dll
0x00007ff9d6110000 - 0x00007ff9d6187000 	C:\WINDOWS\System32\fwpuclnt.dll
0x00007ff9dcab0000 - 0x00007ff9dcad6000 	C:\WINDOWS\System32\bcrypt.dll

VM Arguments:
jvm_args: -Xdebug -Xrunjdwp:transport=dt_shmem,address=javadebug -Dfile.encoding=UTF-8 -Xverify:none 
java_command: PlannTool.ablak
java_class_path (initial): C:\Users\gabor_hanacsek\Desktop\Javakok\mysql-connector-java-5.1.42-bin.jar;C:\Users\gabor_hanacsek\Desktop\Javakok\jxl\jxl.jar;C:\Users\gabor_hanacsek\Desktop\Javakok\jcalendar-1.555.jar\jcalendar-1.4.jar;C:\Users\gabor_hanacsek\Desktop\Javakok\jxdatepicker-support-1.0.jar;C:\Users\gabor_hanacsek\Desktop\Javakok\activation.jar\activation.jar;C:\Users\gabor_hanacsek\Desktop\Javakok\java-mail-1.4.4.jar\java-mail-1.4.4.jar;C:\Users\gabor_hanacsek\Desktop\Javakok\joda-time-2.10.jar;C:\Users\gabor_hanacsek\Desktop\Javakok\AbsoluteLayout.jar;C:\Users\gabor_hanacsek\Desktop\Javakok\poi-bin-4.0.1-20181203\poi-4.0.1\poi-4.0.1.jar;C:\Users\gabor_hanacsek\Desktop\Javakok\poi-bin-4.0.1-20181203\poi-4.0.1\poi-examples-4.0.1.jar;C:\Users\gabor_hanacsek\Desktop\Javakok\poi-bin-4.0.1-20181203\poi-4.0.1\poi-excelant-4.0.1.jar;C:\Users\gabor_hanacsek\Desktop\Javakok\poi-bin-4.0.1-20181203\poi-4.0.1\poi-ooxml-4.0.1.jar;C:\Users\gabor_hanacsek\Desktop\Javakok\poi-bin-4.0.1-20181203\poi-4.0.1\poi-ooxml-schemas-4.0.1.jar;C:\Users\gabor_hanacsek\Desktop\Javakok\poi-bin-4.0.1-20181203\poi-4.0.1\poi-scratchpad-4.0.1.jar;C:\Users\gabor_hanacsek\Desktop\Javakok\poi-bin-4.0.1-20181203\poi-4.0.1\lib\activation-1.1.1.jar;C:\Users\gabor_hanacsek\Desktop\Javakok\poi-bin-4.0.1-20181203\poi-4.0.1\lib\commons-codec-1.11.jar;C:\Users\gabor_hanacsek\Desktop\Javakok\poi-bin-4.0.1-20181203\poi-4.0.1\lib\commons-collections4-4.2.jar;C:\Users\gabor_hanacsek\Desktop\Javakok\poi-bin-4.0.1-20181203\poi-4.0.1\lib\commons-compress-1.18.jar;C:\Users\gabor_hanacsek\Desktop\Javakok\poi-bin-4.0.1-20181203\poi-4.0.1\lib\commons-logging-1.2.jar;C:\Users\gabor_hanacsek\Desktop\Javakok\poi-bin-4.0.1-20181203\poi-4.0.1\lib\commons-math3-3.6.1.jar;C:\Users\gabor_hanacsek\Desktop\Javakok\poi-bin-4.0.1-20181203\poi-4.0.1\lib\jaxb-api-2.3.0.jar;C:\Users\gabor_hanacsek\Desktop\Javakok\poi-bin-4.0.1-20181203\poi-4.0.1\lib\jaxb-core-2.3.0.1.jar;C:\Users\gabor_hanacsek\Desktop\Javakok\poi-bin-4.0.1
Launcher Type: SUN_STANDARD

Environment Variables:
PATH=C:\Program Files (x86)\Common Files\Oracle\Java\javapath;C:\WINDOWS\system32;C:\WINDOWS;C:\WINDOWS\System32\Wbem;C:\WINDOWS\System32\WindowsPowerShell\v1.0\;C:\Program Files\Microsoft SQL Server\110\Tools\Binn\;C:\Program Files (x86)\Microsoft SDKs\TypeScript\1.0\;C:\Program Files\Microsoft SQL Server\120\Tools\Binn\;C:\Program Files (x86)\Microsoft SQL Server\Client SDK\ODBC\130\Tools\Binn\;C:\Program Files (x86)\Microsoft SQL Server\140\Tools\Binn\;C:\Program Files (x86)\Microsoft SQL Server\140\DTS\Binn\;C:\Program Files (x86)\Microsoft SQL Server\140\Tools\Binn\ManagementStudio\;C:\Program Files (x86)\Intel\Intel(R) Management Engine Components\DAL;C:\Program Files\Intel\Intel(R) Management Engine Components\DAL;C:\WINDOWS\System32\OpenSSH\;C:\Users\gabor_hanacsek\AppData\Local\Microsoft\WindowsApps;
USERNAME=gabor_hanacsek
OS=Windows_NT
PROCESSOR_IDENTIFIER=Intel64 Family 6 Model 78 Stepping 3, GenuineIntel



---------------  S Y S T E M  ---------------

OS: Windows 10.0 , 64 bit Build 18362 (10.0.18362.329)

CPU:total 4 (initial active 4) (2 cores per cpu, 2 threads per core) family 6 model 78 stepping 3, cmov, cx8, fxsr, mmx, sse, sse2, sse3, ssse3, sse4.1, sse4.2, popcnt, avx, avx2, aes, clmul, erms, rtm, 3dnowpref, lzcnt, ht, tsc, tscinvbit, bmi1, bmi2, adx

Memory: 4k page, physical 8205532k(500620k free), swap 33371356k(6628k free)

vm_info: Java HotSpot(TM) 64-Bit Server VM (25.171-b11) for windows-amd64 JRE (1.8.0_171-b11), built on Mar 28 2018 16:06:12 by "java_re" with MS VC++ 10.0 (VS2010)

time: Mon Jun 15 14:05:50 2020
elapsed time: 52 seconds (0d 0h 0m 52s)

